app/src/build/intermediates/manifest_merge_blame_file/debug/manifest-merger-blame-debug-report.txt
1<?xml version="1.0" encoding="utf-8"?>
2<manifest xmlns:android="http://schemas.android.com/apk/res/android"
3    package="com.english"
4    android:versionCode="1"
5    android:versionName="1.1" >
6
7    <uses-sdk
8        android:minSdkVersion="19"
8-->src\main\AndroidManifest.xml
9        android:targetSdkVersion="27" />
9-->src\main\AndroidManifest.xml
10
11    <uses-permission android:name="android.permission.INTERNET" />
11-->src\main\AndroidManifest.xml:5:2-64
11-->src\main\AndroidManifest.xml:5:19-61
12    <uses-permission android:name="android.permission.ACCESS_NETWORK_STATE" />
12-->src\main\AndroidManifest.xml:6:2-76
12-->src\main\AndroidManifest.xml:6:19-73
13
14    <application
14-->src\main\AndroidManifest.xml:9:2-56:16
15        android:allowBackup="true"
15-->src\main\AndroidManifest.xml:10:3-29
16        android:debuggable="true"
17        android:icon="@drawable/image_14"
17-->src\main\AndroidManifest.xml:12:3-36
18        android:label="Toefl Vocabulary"
18-->src\main\AndroidManifest.xml:11:3-28
19        android:largeHeap="true"
19-->src\main\AndroidManifest.xml:13:3-27
20        android:testOnly="true"
21        android:theme="@style/AppTheme" >
21-->src\main\AndroidManifest.xml:14:3-34
22        <meta-data
22-->src\main\AndroidManifest.xml:15:3-17:60
23            android:name="com.google.android.gms.version"
23-->src\main\AndroidManifest.xml:16:4-49
24            android:value="@integer/google_play_services_version" />
24-->src\main\AndroidManifest.xml:17:4-57
25
26        <activity
26-->src\main\AndroidManifest.xml:19:3-35:14
27            android:name="com.english.MainActivity"
27-->src\main\AndroidManifest.xml:20:4-32
28            android:configChanges="orientation|screenSize"
28-->src\main\AndroidManifest.xml:21:4-50
29            android:screenOrientation="sensorPortrait"
29-->src\main\AndroidManifest.xml:23:4-46
30            android:theme="@style/FullScreen"
30-->src\main\AndroidManifest.xml:22:4-37
31            android:windowSoftInputMode="stateHidden" >
31-->src\main\AndroidManifest.xml:24:4-45
32            <intent-filter>
32-->src\main\AndroidManifest.xml:25:4-28:20
33                <action android:name="android.intent.action.MAIN" />
33-->src\main\AndroidManifest.xml:26:5-56
33-->src\main\AndroidManifest.xml:26:13-54
34
35                <category android:name="android.intent.category.LAUNCHER" />
35-->src\main\AndroidManifest.xml:27:5-64
35-->src\main\AndroidManifest.xml:27:15-62
36            </intent-filter>
37
38            <meta-data
38-->src\main\AndroidManifest.xml:15:3-17:60
39                android:name="com.google.android.gms.version"
39-->src\main\AndroidManifest.xml:16:4-49
40                android:value="@integer/google_play_services_version" />
40-->src\main\AndroidManifest.xml:17:4-57
41        </activity>
42        <activity
42-->src\main\AndroidManifest.xml:38:3-43:47
43            android:name="com.english.MenuActivity"
43-->src\main\AndroidManifest.xml:39:4-32
44            android:configChanges="orientation|screenSize"
44-->src\main\AndroidManifest.xml:40:4-50
45            android:screenOrientation="sensorPortrait"
45-->src\main\AndroidManifest.xml:42:4-46
46            android:theme="@style/FullScreen"
46-->src\main\AndroidManifest.xml:41:4-37
47            android:windowSoftInputMode="stateHidden" />
47-->src\main\AndroidManifest.xml:43:4-45
48        <activity
48-->src\main\AndroidManifest.xml:44:3-49:47
49            android:name="com.english.EnglishActivity"
49-->src\main\AndroidManifest.xml:45:4-37
50            android:configChanges="orientation|screenSize"
50-->src\main\AndroidManifest.xml:46:4-50
51            android:screenOrientation="sensorPortrait"
51-->src\main\AndroidManifest.xml:48:4-46
52            android:theme="@style/FullScreen"
52-->src\main\AndroidManifest.xml:47:4-37
53            android:windowSoftInputMode="stateHidden" />
53-->src\main\AndroidManifest.xml:49:4-45
54        <activity
54-->src\main\AndroidManifest.xml:50:3-55:47
55            android:name="com.english.ChapActivity"
55-->src\main\AndroidManifest.xml:51:4-32
56            android:configChanges="orientation|screenSize"
56-->src\main\AndroidManifest.xml:52:4-50
57            android:screenOrientation="sensorPortrait"
57-->src\main\AndroidManifest.xml:54:4-46
58            android:theme="@style/FullScreen"
58-->src\main\AndroidManifest.xml:53:4-37
59            android:windowSoftInputMode="stateHidden" />
59-->src\main\AndroidManifest.xml:55:4-45
60
61        <meta-data
61-->[com.android.support:customtabs:26.1.0] AndroidManifest.xml:23:9-25:38
62            android:name="android.support.VERSION"
62-->[com.android.support:customtabs:26.1.0] AndroidManifest.xml:24:13-51
63            android:value="26.1.0" /> <!-- Include the AdActivity and InAppPurchaseActivity configChanges and themes. -->
63-->[com.android.support:customtabs:26.1.0] AndroidManifest.xml:25:13-35
64        <activity
64-->[com.google.android.gms:play-services-ads-lite:15.0.0] AndroidManifest.xml:29:9-33:64
65            android:name="com.google.android.gms.ads.AdActivity"
65-->[com.google.android.gms:play-services-ads-lite:15.0.0] AndroidManifest.xml:30:13-65
66            android:configChanges="keyboard|keyboardHidden|orientation|screenLayout|uiMode|screenSize|smallestScreenSize"
66-->[com.google.android.gms:play-services-ads-lite:15.0.0] AndroidManifest.xml:31:13-122
67            android:exported="false"
67-->[com.google.android.gms:play-services-ads-lite:15.0.0] AndroidManifest.xml:32:13-37
68            android:theme="@android:style/Theme.Translucent" />
68-->[com.google.android.gms:play-services-ads-lite:15.0.0] AndroidManifest.xml:33:13-61
69
70        <meta-data
70-->[android.arch.lifecycle:runtime:1.0.0] AndroidManifest.xml:25:9-27:47
71            android:name="android.arch.lifecycle.VERSION"
71-->[android.arch.lifecycle:runtime:1.0.0] AndroidManifest.xml:26:13-58
72            android:value="27.0.0-SNAPSHOT" />
72-->[android.arch.lifecycle:runtime:1.0.0] AndroidManifest.xml:27:13-44
73    </application>
74
75</manifest>